c:\dev\rosec\bin-int\debug-windows-x86_64\rosec\vc142.pdb
c:\dev\rosec\bin-int\debug-windows-x86_64\rosec\vc142.idb
c:\dev\rosec\bin-int\debug-windows-x86_64\rosec\layerstack.obj
c:\dev\rosec\bin-int\debug-windows-x86_64\rosec\layer.obj
c:\dev\rosec\bin-int\debug-windows-x86_64\rosec\application.obj
c:\dev\rosec\bin-int\debug-windows-x86_64\rosec\windowswindow.obj
c:\dev\rosec\bin-int\debug-windows-x86_64\rosec\log.obj
c:\dev\rosec\bin-int\debug-windows-x86_64\rosec\rosec.pch
c:\dev\rosec\bin-int\debug-windows-x86_64\rosec\rscpch.obj
c:\dev\rosec\bin-int\debug-windows-x86_64\rosec\imguilayer.obj
c:\dev\rosec\bin-int\debug-windows-x86_64\rosec\imgui_impl_glfw.obj
c:\dev\rosec\bin-int\debug-windows-x86_64\rosec\imgui_impl_opengl3.obj
c:\dev\rosec\bin\debug-windows-x86_64\rosec\rosec.dll
c:\dev\rosec\bin-int\debug-windows-x86_64\rosec\rosec.ilk
c:\dev\rosec\bin\debug-windows-x86_64\rosec\rosec.pdb
c:\dev\rosec\bin\debug-windows-x86_64\rosec\rosec.lib
c:\dev\rosec\bin\debug-windows-x86_64\rosec\rosec.exp
c:\dev\rosec\bin-int\debug-windows-x86_64\rosec\rosec.tlog\cl.command.1.tlog
c:\dev\rosec\bin-int\debug-windows-x86_64\rosec\rosec.tlog\cl.read.1.tlog
c:\dev\rosec\bin-int\debug-windows-x86_64\rosec\rosec.tlog\cl.write.1.tlog
c:\dev\rosec\bin-int\debug-windows-x86_64\rosec\rosec.tlog\link.13660.delete.1.tlog
c:\dev\rosec\bin-int\debug-windows-x86_64\rosec\rosec.tlog\link.14532.delete.1.tlog
c:\dev\rosec\bin-int\debug-windows-x86_64\rosec\rosec.tlog\link.17616.delete.1.tlog
c:\dev\rosec\bin-int\debug-windows-x86_64\rosec\rosec.tlog\link.25540.delete.1.tlog
c:\dev\rosec\bin-int\debug-windows-x86_64\rosec\rosec.tlog\link.28152.delete.1.tlog
c:\dev\rosec\bin-int\debug-windows-x86_64\rosec\rosec.tlog\link.command.1.tlog
c:\dev\rosec\bin-int\debug-windows-x86_64\rosec\rosec.tlog\link.delete.1.tlog
c:\dev\rosec\bin-int\debug-windows-x86_64\rosec\rosec.tlog\link.read.1.tlog
c:\dev\rosec\bin-int\debug-windows-x86_64\rosec\rosec.tlog\link.write.1.tlog
c:\dev\rosec\bin-int\debug-windows-x86_64\rosec\rosec.tlog\rosec.write.1u.tlog
